[2024-01-11T18:09:36.387+0100][0.011s] CardTable entry size: 512
[2024-01-11T18:09:36.388+0100][0.011s] Using G1
[2024-01-11T18:09:36.492+0100][0.116s] Version: 19.0.1+10-21 (release)
[2024-01-11T18:09:36.492+0100][0.116s] CPUs: 12 total, 12 available
[2024-01-11T18:09:36.492+0100][0.116s] Memory: 16220M
[2024-01-11T18:09:36.492+0100][0.116s] Large Page Support: Disabled
[2024-01-11T18:09:36.492+0100][0.116s] NUMA Support: Disabled
[2024-01-11T18:09:36.492+0100][0.116s] Compressed Oops: Enabled (32-bit)
[2024-01-11T18:09:36.492+0100][0.116s] Heap Region Size: 1M
[2024-01-11T18:09:36.492+0100][0.116s] Heap Min Capacity: 512M
[2024-01-11T18:09:36.492+0100][0.116s] Heap Initial Capacity: 512M
[2024-01-11T18:09:36.492+0100][0.116s] Heap Max Capacity: 512M
[2024-01-11T18:09:36.533+0100][0.157s] Pre-touch: Enabled
[2024-01-11T18:09:36.533+0100][0.157s] Parallel Workers: 10
[2024-01-11T18:09:36.533+0100][0.157s] Concurrent Workers: 3
[2024-01-11T18:09:36.533+0100][0.157s] Concurrent Refinement Workers: 10
[2024-01-11T18:09:36.533+0100][0.157s] Periodic GC: Disabled
[2024-01-11T18:09:36.534+0100][0.158s] CDS archive(s) mapped at: [0x0000000800000000-0x0000000800c40000-0x0000000800c40000), size 12845056, SharedBaseAddress: 0x0000000800000000, ArchiveRelocationMode: 0.
[2024-01-11T18:09:36.534+0100][0.158s] Compressed class space mapped at: 0x0000000801000000-0x0000000841000000, reserved size: 1073741824
[2024-01-11T18:09:36.534+0100][0.158s] Narrow klass base: 0x0000000800000000, Narrow klass shift: 0, Narrow klass range: 0x100000000
[2024-01-11T18:09:37.217+0100][0.840s] GC(0) Pause Young (Normal) (G1 Evacuation Pause)
[2024-01-11T18:09:37.217+0100][0.841s] GC(0) Using 10 workers of 10 for evacuation
[2024-01-11T18:09:37.220+0100][0.844s] GC(0)   Pre Evacuate Collection Set: 0.1ms
[2024-01-11T18:09:37.220+0100][0.844s] GC(0)   Merge Heap Roots: 0.0ms
[2024-01-11T18:09:37.220+0100][0.844s] GC(0)   Evacuate Collection Set: 2.2ms
[2024-01-11T18:09:37.220+0100][0.844s] GC(0)   Post Evacuate Collection Set: 0.5ms
[2024-01-11T18:09:37.220+0100][0.844s] GC(0)   Other: 0.3ms
[2024-01-11T18:09:37.220+0100][0.844s] GC(0) Eden regions: 29->0(41)
[2024-01-11T18:09:37.220+0100][0.844s] GC(0) Survivor regions: 0->4(4)
[2024-01-11T18:09:37.220+0100][0.844s] GC(0) Old regions: 0->0
[2024-01-11T18:09:37.220+0100][0.844s] GC(0) Archive regions: 0->0
[2024-01-11T18:09:37.220+0100][0.844s] GC(0) Humongous regions: 0->0
[2024-01-11T18:09:37.220+0100][0.844s] GC(0) Metaspace: 7961K(8192K)->7961K(8192K) NonClass: 7058K(7168K)->7058K(7168K) Class: 902K(1024K)->902K(1024K)
[2024-01-11T18:09:37.220+0100][0.844s] GC(0) Pause Young (Normal) (G1 Evacuation Pause) 29M->3M(512M) 3.327ms
[2024-01-11T18:09:37.220+0100][0.844s] GC(0) User=0.14s Sys=0.00s Real=0.00s
[2024-01-11T18:09:46.799+0100][10.423s] GC(1) Pause Young (Normal) (G1 Evacuation Pause)
[2024-01-11T18:09:46.799+0100][10.424s] GC(1) Using 10 workers of 10 for evacuation
[2024-01-11T18:09:46.807+0100][10.431s] GC(1)   Pre Evacuate Collection Set: 0.1ms
[2024-01-11T18:09:46.807+0100][10.431s] GC(1)   Merge Heap Roots: 0.1ms
[2024-01-11T18:09:46.807+0100][10.431s] GC(1)   Evacuate Collection Set: 6.7ms
[2024-01-11T18:09:46.807+0100][10.431s] GC(1)   Post Evacuate Collection Set: 0.6ms
[2024-01-11T18:09:46.807+0100][10.431s] GC(1)   Other: 0.1ms
[2024-01-11T18:09:46.807+0100][10.431s] GC(1) Eden regions: 41->0(196)
[2024-01-11T18:09:46.807+0100][10.431s] GC(1) Survivor regions: 4->6(6)
[2024-01-11T18:09:46.807+0100][10.431s] GC(1) Old regions: 0->9
[2024-01-11T18:09:46.807+0100][10.431s] GC(1) Archive regions: 0->0
[2024-01-11T18:09:46.807+0100][10.431s] GC(1) Humongous regions: 4->4
[2024-01-11T18:09:46.807+0100][10.431s] GC(1) Metaspace: 18216K(18624K)->18216K(18624K) NonClass: 16181K(16384K)->16181K(16384K) Class: 2034K(2240K)->2034K(2240K)
[2024-01-11T18:09:46.807+0100][10.431s] GC(1) Pause Young (Normal) (G1 Evacuation Pause) 48M->18M(512M) 7.785ms
[2024-01-11T18:09:46.807+0100][10.431s] GC(1) User=0.00s Sys=0.00s Real=0.01s
[2024-01-11T18:09:47.486+0100][11.109s] GC(2) Pause Young (Concurrent Start) (Metadata GC Threshold)
[2024-01-11T18:09:47.486+0100][11.109s] GC(2) Using 10 workers of 10 for evacuation
[2024-01-11T18:09:47.488+0100][11.113s] GC(2)   Pre Evacuate Collection Set: 0.1ms
[2024-01-11T18:09:47.489+0100][11.113s] GC(2)   Merge Heap Roots: 0.1ms
[2024-01-11T18:09:47.489+0100][11.113s] GC(2)   Evacuate Collection Set: 2.9ms
[2024-01-11T18:09:47.489+0100][11.113s] GC(2)   Post Evacuate Collection Set: 0.5ms
[2024-01-11T18:09:47.489+0100][11.113s] GC(2)   Other: 0.1ms
[2024-01-11T18:09:47.489+0100][11.113s] GC(2) Eden regions: 134->0(295)
[2024-01-11T18:09:47.489+0100][11.113s] GC(2) Survivor regions: 6->12(26)
[2024-01-11T18:09:47.489+0100][11.113s] GC(2) Old regions: 9->9
[2024-01-11T18:09:47.489+0100][11.113s] GC(2) Archive regions: 0->0
[2024-01-11T18:09:47.489+0100][11.113s] GC(2) Humongous regions: 4->4
[2024-01-11T18:09:47.489+0100][11.113s] GC(2) Metaspace: 21089K(21504K)->21089K(21504K) NonClass: 18754K(18944K)->18754K(18944K) Class: 2334K(2560K)->2334K(2560K)
[2024-01-11T18:09:47.489+0100][11.113s] GC(2) Pause Young (Concurrent Start) (Metadata GC Threshold) 151M->23M(512M) 4.107ms
[2024-01-11T18:09:47.489+0100][11.113s] GC(2) User=0.00s Sys=0.00s Real=0.00s
[2024-01-11T18:09:47.489+0100][11.113s] GC(3) Concurrent Mark Cycle
[2024-01-11T18:09:47.489+0100][11.113s] GC(3) Concurrent Clear Claimed Marks
[2024-01-11T18:09:47.489+0100][11.113s] GC(3) Concurrent Clear Claimed Marks 0.030ms
[2024-01-11T18:09:47.489+0100][11.113s] GC(3) Concurrent Scan Root Regions
[2024-01-11T18:09:47.490+0100][11.115s] GC(3) Concurrent Scan Root Regions 1.644ms
[2024-01-11T18:09:47.491+0100][11.115s] GC(3) Concurrent Mark
[2024-01-11T18:09:47.491+0100][11.115s] GC(3) Concurrent Mark From Roots
[2024-01-11T18:09:47.491+0100][11.115s] GC(3) Using 3 workers of 3 for marking
[2024-01-11T18:09:47.497+0100][11.121s] GC(3) Concurrent Mark From Roots 6.228ms
[2024-01-11T18:09:47.497+0100][11.121s] GC(3) Concurrent Preclean
[2024-01-11T18:09:47.497+0100][11.122s] GC(3) Concurrent Preclean 0.081ms
[2024-01-11T18:09:47.497+0100][11.122s] GC(3) Pause Remark
[2024-01-11T18:09:47.498+0100][11.123s] GC(3) Pause Remark 24M->24M(512M) 1.421ms
[2024-01-11T18:09:47.498+0100][11.123s] GC(3) User=0.00s Sys=0.00s Real=0.00s
[2024-01-11T18:09:47.499+0100][11.123s] GC(3) Concurrent Mark 8.104ms
[2024-01-11T18:09:47.499+0100][11.123s] GC(3) Concurrent Rebuild Remembered Sets
[2024-01-11T18:09:47.502+0100][11.126s] GC(3) Concurrent Rebuild Remembered Sets 2.970ms
[2024-01-11T18:09:47.502+0100][11.126s] GC(3) Pause Cleanup
[2024-01-11T18:09:47.502+0100][11.127s] GC(3) Pause Cleanup 24M->24M(512M) 0.152ms
[2024-01-11T18:09:47.502+0100][11.127s] GC(3) User=0.00s Sys=0.00s Real=0.00s
[2024-01-11T18:09:47.502+0100][11.127s] GC(3) Concurrent Cleanup for Next Mark
[2024-01-11T18:09:47.503+0100][11.127s] GC(3) Concurrent Cleanup for Next Mark 0.692ms
[2024-01-11T18:09:47.503+0100][11.127s] GC(3) Concurrent Mark Cycle 14.039ms
[2024-01-11T18:09:47.516+0100][11.141s] GC(4) Pause Young (Concurrent Start) (CodeCache GC Threshold)
[2024-01-11T18:09:47.516+0100][11.141s] GC(4) Using 10 workers of 10 for evacuation
[2024-01-11T18:09:47.520+0100][11.145s] GC(4)   Pre Evacuate Collection Set: 0.1ms
[2024-01-11T18:09:47.520+0100][11.145s] GC(4)   Merge Heap Roots: 0.1ms
[2024-01-11T18:09:47.520+0100][11.145s] GC(4)   Evacuate Collection Set: 3.1ms
[2024-01-11T18:09:47.520+0100][11.145s] GC(4)   Post Evacuate Collection Set: 0.5ms
[2024-01-11T18:09:47.520+0100][11.145s] GC(4)   Other: 0.1ms
[2024-01-11T18:09:47.520+0100][11.145s] GC(4) Eden regions: 3->0(295)
[2024-01-11T18:09:47.520+0100][11.145s] GC(4) Survivor regions: 12->12(39)
[2024-01-11T18:09:47.520+0100][11.145s] GC(4) Old regions: 9->9
[2024-01-11T18:09:47.520+0100][11.145s] GC(4) Archive regions: 0->0
[2024-01-11T18:09:47.520+0100][11.145s] GC(4) Humongous regions: 4->4
[2024-01-11T18:09:47.520+0100][11.145s] GC(4) Metaspace: 21308K(21696K)->21308K(21696K) NonClass: 18935K(19136K)->18935K(19136K) Class: 2373K(2560K)->2373K(2560K)
[2024-01-11T18:09:47.521+0100][11.145s] GC(4) Pause Young (Concurrent Start) (CodeCache GC Threshold) 26M->23M(512M) 4.182ms
[2024-01-11T18:09:47.521+0100][11.145s] GC(4) User=0.00s Sys=0.00s Real=0.00s
[2024-01-11T18:09:47.521+0100][11.145s] GC(5) Concurrent Mark Cycle
[2024-01-11T18:09:47.521+0100][11.145s] GC(5) Concurrent Clear Claimed Marks
[2024-01-11T18:09:47.521+0100][11.145s] GC(5) Concurrent Clear Claimed Marks 0.031ms
[2024-01-11T18:09:47.521+0100][11.145s] GC(5) Concurrent Scan Root Regions
[2024-01-11T18:09:47.523+0100][11.147s] GC(5) Concurrent Scan Root Regions 1.863ms
[2024-01-11T18:09:47.523+0100][11.147s] GC(5) Concurrent Mark
[2024-01-11T18:09:47.523+0100][11.147s] GC(5) Concurrent Mark From Roots
[2024-01-11T18:09:47.523+0100][11.147s] GC(5) Using 3 workers of 3 for marking
[2024-01-11T18:09:47.529+0100][11.154s] GC(5) Concurrent Mark From Roots 6.409ms
[2024-01-11T18:09:47.529+0100][11.154s] GC(5) Concurrent Preclean
[2024-01-11T18:09:47.529+0100][11.154s] GC(5) Concurrent Preclean 0.066ms
[2024-01-11T18:09:47.529+0100][11.154s] GC(5) Pause Remark
[2024-01-11T18:09:47.530+0100][11.155s] GC(5) Pause Remark 25M->25M(512M) 1.167ms
[2024-01-11T18:09:47.531+0100][11.155s] GC(5) User=0.00s Sys=0.00s Real=0.00s
[2024-01-11T18:09:47.531+0100][11.155s] GC(5) Concurrent Mark 7.965ms
[2024-01-11T18:09:47.531+0100][11.155s] GC(5) Concurrent Rebuild Remembered Sets
[2024-01-11T18:09:47.534+0100][11.158s] GC(5) Concurrent Rebuild Remembered Sets 3.072ms
[2024-01-11T18:09:47.534+0100][11.158s] GC(5) Pause Cleanup
[2024-01-11T18:09:47.534+0100][11.159s] GC(5) Pause Cleanup 25M->25M(512M) 0.135ms
[2024-01-11T18:09:47.534+0100][11.159s] GC(5) User=0.00s Sys=0.00s Real=0.00s
[2024-01-11T18:09:47.534+0100][11.159s] GC(5) Concurrent Cleanup for Next Mark
[2024-01-11T18:09:47.535+0100][11.159s] GC(5) Concurrent Cleanup for Next Mark 0.736ms
[2024-01-11T18:09:47.535+0100][11.159s] GC(5) Concurrent Mark Cycle 14.253ms
[2024-01-11T18:09:48.565+0100][12.190s] GC(6) Pause Young (Prepare Mixed) (Metadata GC Threshold)
[2024-01-11T18:09:48.565+0100][12.190s] GC(6) Using 10 workers of 10 for evacuation
[2024-01-11T18:09:48.572+0100][12.197s] GC(6)   Pre Evacuate Collection Set: 0.1ms
[2024-01-11T18:09:48.572+0100][12.197s] GC(6)   Merge Heap Roots: 0.1ms
[2024-01-11T18:09:48.572+0100][12.197s] GC(6)   Evacuate Collection Set: 5.6ms
[2024-01-11T18:09:48.572+0100][12.197s] GC(6)   Post Evacuate Collection Set: 0.7ms
[2024-01-11T18:09:48.572+0100][12.197s] GC(6)   Other: 0.1ms
[2024-01-11T18:09:48.572+0100][12.197s] GC(6) Eden regions: 105->0(7)
[2024-01-11T18:09:48.572+0100][12.197s] GC(6) Survivor regions: 12->18(39)
[2024-01-11T18:09:48.572+0100][12.197s] GC(6) Old regions: 9->9
[2024-01-11T18:09:48.572+0100][12.197s] GC(6) Archive regions: 0->0
[2024-01-11T18:09:48.572+0100][12.197s] GC(6) Humongous regions: 5->4
[2024-01-11T18:09:48.572+0100][12.197s] GC(6) Metaspace: 35609K(36096K)->35609K(36096K) NonClass: 31557K(31808K)->31557K(31808K) Class: 4052K(4288K)->4052K(4288K)
[2024-01-11T18:09:48.572+0100][12.197s] GC(6) Pause Young (Prepare Mixed) (Metadata GC Threshold) 129M->29M(512M) 6.724ms
[2024-01-11T18:09:48.572+0100][12.197s] GC(6) User=0.00s Sys=0.00s Real=0.01s
[2024-01-11T18:10:25.132+0100][48.756s] GC(7) Pause Young (Mixed) (Metadata GC Threshold)
[2024-01-11T18:10:25.132+0100][48.756s] GC(7) Using 10 workers of 10 for evacuation
[2024-01-11T18:10:25.139+0100][48.763s] GC(7)   Pre Evacuate Collection Set: 0.0ms
[2024-01-11T18:10:25.139+0100][48.763s] GC(7)   Merge Heap Roots: 0.0ms
[2024-01-11T18:10:25.139+0100][48.763s] GC(7)   Evacuate Collection Set: 6.4ms
[2024-01-11T18:10:25.139+0100][48.763s] GC(7)   Post Evacuate Collection Set: 0.3ms
[2024-01-11T18:10:25.139+0100][48.763s] GC(7)   Other: 0.1ms
[2024-01-11T18:10:25.139+0100][48.763s] GC(7) Eden regions: 3->0(305)
[2024-01-11T18:10:25.139+0100][48.763s] GC(7) Survivor regions: 18->2(4)
[2024-01-11T18:10:25.139+0100][48.763s] GC(7) Old regions: 9->25
[2024-01-11T18:10:25.139+0100][48.763s] GC(7) Archive regions: 0->0
[2024-01-11T18:10:25.139+0100][48.763s] GC(7) Humongous regions: 4->4
[2024-01-11T18:10:25.139+0100][48.763s] GC(7) Metaspace: 35992K(36416K)->35992K(36416K) NonClass: 31890K(32064K)->31890K(32064K) Class: 4101K(4352K)->4101K(4352K)
[2024-01-11T18:10:25.139+0100][48.763s] GC(7) Pause Young (Mixed) (Metadata GC Threshold) 32M->30M(512M) 7.061ms
[2024-01-11T18:10:25.139+0100][48.763s] GC(7) User=0.00s Sys=0.00s Real=0.01s
[2024-01-11T18:10:25.161+0100][48.785s] GC(8) Pause Young (Concurrent Start) (Metadata GC Threshold)
[2024-01-11T18:10:25.161+0100][48.785s] GC(8) Using 10 workers of 10 for evacuation
[2024-01-11T18:10:25.163+0100][48.787s] GC(8)   Pre Evacuate Collection Set: 0.3ms
[2024-01-11T18:10:25.163+0100][48.787s] GC(8)   Merge Heap Roots: 0.1ms
[2024-01-11T18:10:25.163+0100][48.787s] GC(8)   Evacuate Collection Set: 0.8ms
[2024-01-11T18:10:25.163+0100][48.787s] GC(8)   Post Evacuate Collection Set: 0.5ms
[2024-01-11T18:10:25.163+0100][48.787s] GC(8)   Other: 0.1ms
[2024-01-11T18:10:25.163+0100][48.787s] GC(8) Eden regions: 3->0(306)
[2024-01-11T18:10:25.163+0100][48.787s] GC(8) Survivor regions: 2->1(39)
[2024-01-11T18:10:25.163+0100][48.787s] GC(8) Old regions: 25->25
[2024-01-11T18:10:25.163+0100][48.787s] GC(8) Archive regions: 0->0
[2024-01-11T18:10:25.163+0100][48.787s] GC(8) Humongous regions: 4->4
[2024-01-11T18:10:25.163+0100][48.787s] GC(8) Metaspace: 36240K(36736K)->36240K(36736K) NonClass: 32101K(32320K)->32101K(32320K) Class: 4139K(4416K)->4139K(4416K)
[2024-01-11T18:10:25.163+0100][48.787s] GC(8) Pause Young (Concurrent Start) (Metadata GC Threshold) 33M->29M(512M) 1.861ms
[2024-01-11T18:10:25.163+0100][48.787s] GC(8) User=0.00s Sys=0.00s Real=0.00s
[2024-01-11T18:10:25.163+0100][48.787s] GC(9) Concurrent Mark Cycle
[2024-01-11T18:10:25.163+0100][48.787s] GC(9) Concurrent Clear Claimed Marks
[2024-01-11T18:10:25.163+0100][48.787s] GC(9) Concurrent Clear Claimed Marks 0.025ms
[2024-01-11T18:10:25.163+0100][48.787s] GC(9) Concurrent Scan Root Regions
[2024-01-11T18:10:25.163+0100][48.788s] GC(9) Concurrent Scan Root Regions 0.509ms
[2024-01-11T18:10:25.163+0100][48.788s] GC(9) Concurrent Mark
[2024-01-11T18:10:25.163+0100][48.788s] GC(9) Concurrent Mark From Roots
[2024-01-11T18:10:25.163+0100][48.788s] GC(9) Using 3 workers of 3 for marking
[2024-01-11T18:10:25.174+0100][48.798s] GC(9) Concurrent Mark From Roots 10.492ms
[2024-01-11T18:10:25.174+0100][48.798s] GC(9) Concurrent Preclean
[2024-01-11T18:10:25.174+0100][48.798s] GC(9) Concurrent Preclean 0.053ms
[2024-01-11T18:10:25.174+0100][48.799s] GC(9) Pause Remark
[2024-01-11T18:10:25.176+0100][48.800s] GC(9) Pause Remark 30M->30M(512M) 1.404ms
[2024-01-11T18:10:25.176+0100][48.800s] GC(9) User=0.00s Sys=0.00s Real=0.00s
[2024-01-11T18:10:25.176+0100][48.800s] GC(9) Concurrent Mark 12.394ms
[2024-01-11T18:10:25.176+0100][48.800s] GC(9) Concurrent Rebuild Remembered Sets
[2024-01-11T18:10:25.181+0100][48.805s] GC(9) Concurrent Rebuild Remembered Sets 4.878ms
[2024-01-11T18:10:25.181+0100][48.805s] GC(9) Pause Cleanup
[2024-01-11T18:10:25.181+0100][48.805s] GC(9) Pause Cleanup 31M->31M(512M) 0.161ms
[2024-01-11T18:10:25.181+0100][48.806s] GC(9) User=0.00s Sys=0.00s Real=0.00s
[2024-01-11T18:10:25.181+0100][48.806s] GC(9) Concurrent Cleanup for Next Mark
[2024-01-11T18:10:25.182+0100][48.806s] GC(9) Concurrent Cleanup for Next Mark 0.741ms
[2024-01-11T18:10:25.182+0100][48.806s] GC(9) Concurrent Mark Cycle 19.154ms
[2024-01-11T18:10:25.817+0100][49.441s] GC(10) Pause Young (Concurrent Start) (CodeCache GC Threshold)
[2024-01-11T18:10:25.817+0100][49.441s] GC(10) Using 10 workers of 10 for evacuation
[2024-01-11T18:10:25.823+0100][49.447s] GC(10)   Pre Evacuate Collection Set: 0.2ms
[2024-01-11T18:10:25.823+0100][49.447s] GC(10)   Merge Heap Roots: 0.1ms
[2024-01-11T18:10:25.823+0100][49.447s] GC(10)   Evacuate Collection Set: 4.6ms
[2024-01-11T18:10:25.823+0100][49.447s] GC(10)   Post Evacuate Collection Set: 0.7ms
[2024-01-11T18:10:25.823+0100][49.447s] GC(10)   Other: 0.1ms
[2024-01-11T18:10:25.823+0100][49.447s] GC(10) Eden regions: 93->0(302)
[2024-01-11T18:10:25.823+0100][49.447s] GC(10) Survivor regions: 1->5(39)
[2024-01-11T18:10:25.823+0100][49.447s] GC(10) Old regions: 25->25
[2024-01-11T18:10:25.823+0100][49.447s] GC(10) Archive regions: 0->0
[2024-01-11T18:10:25.823+0100][49.447s] GC(10) Humongous regions: 4->4
[2024-01-11T18:10:25.823+0100][49.447s] GC(10) Metaspace: 44819K(45312K)->44819K(45312K) NonClass: 39577K(39808K)->39577K(39808K) Class: 5241K(5504K)->5241K(5504K)
[2024-01-11T18:10:25.823+0100][49.447s] GC(10) Pause Young (Concurrent Start) (CodeCache GC Threshold) 122M->33M(512M) 6.044ms
[2024-01-11T18:10:25.823+0100][49.447s] GC(10) User=0.00s Sys=0.00s Real=0.01s
[2024-01-11T18:10:25.823+0100][49.447s] GC(11) Concurrent Mark Cycle
[2024-01-11T18:10:25.823+0100][49.447s] GC(11) Concurrent Clear Claimed Marks
[2024-01-11T18:10:25.823+0100][49.447s] GC(11) Concurrent Clear Claimed Marks 0.060ms
[2024-01-11T18:10:25.823+0100][49.447s] GC(11) Concurrent Scan Root Regions
[2024-01-11T18:10:25.826+0100][49.450s] GC(11) Concurrent Scan Root Regions 2.658ms
[2024-01-11T18:10:25.826+0100][49.450s] GC(11) Concurrent Mark
[2024-01-11T18:10:25.826+0100][49.450s] GC(11) Concurrent Mark From Roots
[2024-01-11T18:10:25.826+0100][49.450s] GC(11) Using 3 workers of 3 for marking
[2024-01-11T18:10:25.843+0100][49.468s] GC(11) Concurrent Mark From Roots 17.666ms
[2024-01-11T18:10:25.844+0100][49.468s] GC(11) Concurrent Preclean
[2024-01-11T18:10:25.844+0100][49.468s] GC(11) Concurrent Preclean 0.074ms
[2024-01-11T18:10:25.844+0100][49.468s] GC(11) Pause Remark
[2024-01-11T18:10:25.846+0100][49.470s] GC(11) Pause Remark 35M->35M(512M) 1.986ms
[2024-01-11T18:10:25.846+0100][49.470s] GC(11) User=0.00s Sys=0.00s Real=0.00s
[2024-01-11T18:10:25.846+0100][49.470s] GC(11) Concurrent Mark 20.064ms
[2024-01-11T18:10:25.846+0100][49.470s] GC(11) Concurrent Rebuild Remembered Sets
[2024-01-11T18:10:25.852+0100][49.476s] GC(11) Concurrent Rebuild Remembered Sets 6.340ms
[2024-01-11T18:10:25.853+0100][49.477s] GC(11) Pause Cleanup
[2024-01-11T18:10:25.853+0100][49.477s] GC(11) Pause Cleanup 36M->36M(512M) 0.151ms
[2024-01-11T18:10:25.853+0100][49.477s] GC(11) User=0.00s Sys=0.00s Real=0.00s
[2024-01-11T18:10:25.854+0100][49.477s] GC(11) Concurrent Cleanup for Next Mark
[2024-01-11T18:10:25.856+0100][49.479s] GC(11) Concurrent Cleanup for Next Mark 2.107ms
[2024-01-11T18:10:25.856+0100][49.479s] GC(11) Concurrent Mark Cycle 32.503ms
[2024-01-11T18:10:26.246+0100][49.870s] GC(12) Pause Young (Concurrent Start) (CodeCache GC Threshold)
[2024-01-11T18:10:26.246+0100][49.870s] GC(12) Using 10 workers of 10 for evacuation
[2024-01-11T18:10:26.251+0100][49.875s] GC(12)   Pre Evacuate Collection Set: 0.1ms
[2024-01-11T18:10:26.251+0100][49.875s] GC(12)   Merge Heap Roots: 0.1ms
[2024-01-11T18:10:26.251+0100][49.876s] GC(12)   Evacuate Collection Set: 4.8ms
[2024-01-11T18:10:26.251+0100][49.876s] GC(12)   Post Evacuate Collection Set: 0.7ms
[2024-01-11T18:10:26.251+0100][49.876s] GC(12)   Other: 0.1ms
[2024-01-11T18:10:26.251+0100][49.876s] GC(12) Eden regions: 45->0(296)
[2024-01-11T18:10:26.251+0100][49.876s] GC(12) Survivor regions: 5->11(39)
[2024-01-11T18:10:26.251+0100][49.876s] GC(12) Old regions: 25->25
[2024-01-11T18:10:26.251+0100][49.876s] GC(12) Archive regions: 0->0
[2024-01-11T18:10:26.251+0100][49.876s] GC(12) Humongous regions: 4->4
[2024-01-11T18:10:26.251+0100][49.876s] GC(12) Metaspace: 48638K(49152K)->48638K(49152K) NonClass: 42893K(43136K)->42893K(43136K) Class: 5745K(6016K)->5745K(6016K)
[2024-01-11T18:10:26.251+0100][49.876s] GC(12) Pause Young (Concurrent Start) (CodeCache GC Threshold) 77M->39M(512M) 6.027ms
[2024-01-11T18:10:26.251+0100][49.876s] GC(12) User=0.17s Sys=0.00s Real=0.00s
[2024-01-11T18:10:26.251+0100][49.876s] GC(13) Concurrent Mark Cycle
[2024-01-11T18:10:26.251+0100][49.876s] GC(13) Concurrent Clear Claimed Marks
[2024-01-11T18:10:26.251+0100][49.876s] GC(13) Concurrent Clear Claimed Marks 0.064ms
[2024-01-11T18:10:26.251+0100][49.876s] GC(13) Concurrent Scan Root Regions
[2024-01-11T18:10:26.256+0100][49.881s] GC(13) Concurrent Scan Root Regions 5.203ms
[2024-01-11T18:10:26.257+0100][49.881s] GC(13) Concurrent Mark
[2024-01-11T18:10:26.257+0100][49.881s] GC(13) Concurrent Mark From Roots
[2024-01-11T18:10:26.257+0100][49.881s] GC(13) Using 3 workers of 3 for marking
[2024-01-11T18:10:26.276+0100][49.901s] GC(13) Concurrent Mark From Roots 19.561ms
[2024-01-11T18:10:26.276+0100][49.901s] GC(13) Concurrent Preclean
[2024-01-11T18:10:26.276+0100][49.901s] GC(13) Concurrent Preclean 0.058ms
[2024-01-11T18:10:26.277+0100][49.902s] GC(13) Pause Remark
[2024-01-11T18:10:26.279+0100][49.903s] GC(13) Pause Remark 45M->45M(512M) 1.663ms
[2024-01-11T18:10:26.279+0100][49.903s] GC(13) User=0.00s Sys=0.00s Real=0.00s
[2024-01-11T18:10:26.279+0100][49.903s] GC(13) Concurrent Mark 22.121ms
[2024-01-11T18:10:26.279+0100][49.903s] GC(13) Concurrent Rebuild Remembered Sets
[2024-01-11T18:10:26.286+0100][49.910s] GC(13) Concurrent Rebuild Remembered Sets 7.096ms
[2024-01-11T18:10:26.286+0100][49.911s] GC(13) Pause Cleanup
[2024-01-11T18:10:26.286+0100][49.911s] GC(13) Pause Cleanup 46M->46M(512M) 0.234ms
[2024-01-11T18:10:26.286+0100][49.911s] GC(13) User=0.00s Sys=0.00s Real=0.00s
[2024-01-11T18:10:26.287+0100][49.911s] GC(13) Concurrent Cleanup for Next Mark
[2024-01-11T18:10:26.289+0100][49.913s] GC(13) Concurrent Cleanup for Next Mark 2.043ms
[2024-01-11T18:10:26.289+0100][49.913s] GC(13) Concurrent Mark Cycle 37.496ms
[2024-01-11T18:11:40.022+0100][123.646s] GC(14) Pause Young (Concurrent Start) (CodeCache GC Threshold)
[2024-01-11T18:11:40.022+0100][123.646s] GC(14) Using 10 workers of 10 for evacuation
[2024-01-11T18:11:40.031+0100][123.655s] GC(14)   Pre Evacuate Collection Set: 0.1ms
[2024-01-11T18:11:40.031+0100][123.655s] GC(14)   Merge Heap Roots: 0.1ms
[2024-01-11T18:11:40.031+0100][123.655s] GC(14)   Evacuate Collection Set: 7.7ms
[2024-01-11T18:11:40.031+0100][123.655s] GC(14)   Post Evacuate Collection Set: 0.8ms
[2024-01-11T18:11:40.031+0100][123.655s] GC(14)   Other: 0.1ms
[2024-01-11T18:11:40.031+0100][123.655s] GC(14) Eden regions: 83->0(289)
[2024-01-11T18:11:40.031+0100][123.655s] GC(14) Survivor regions: 11->18(39)
[2024-01-11T18:11:40.031+0100][123.655s] GC(14) Old regions: 25->25
[2024-01-11T18:11:40.031+0100][123.655s] GC(14) Archive regions: 0->0
[2024-01-11T18:11:40.031+0100][123.655s] GC(14) Humongous regions: 4->4
[2024-01-11T18:11:40.031+0100][123.655s] GC(14) Metaspace: 56884K(57536K)->56884K(57536K) NonClass: 50109K(50432K)->50109K(50432K) Class: 6775K(7104K)->6775K(7104K)
[2024-01-11T18:11:40.031+0100][123.655s] GC(14) Pause Young (Concurrent Start) (CodeCache GC Threshold) 122M->46M(512M) 9.043ms
[2024-01-11T18:11:40.031+0100][123.655s] GC(14) User=0.00s Sys=0.00s Real=0.01s
[2024-01-11T18:11:40.031+0100][123.655s] GC(15) Concurrent Mark Cycle
[2024-01-11T18:11:40.031+0100][123.655s] GC(15) Concurrent Clear Claimed Marks
[2024-01-11T18:11:40.031+0100][123.655s] GC(15) Concurrent Clear Claimed Marks 0.051ms
[2024-01-11T18:11:40.031+0100][123.655s] GC(15) Concurrent Scan Root Regions
[2024-01-11T18:11:40.036+0100][123.661s] GC(15) Concurrent Scan Root Regions 6.123ms
[2024-01-11T18:11:40.037+0100][123.661s] GC(15) Concurrent Mark
[2024-01-11T18:11:40.037+0100][123.661s] GC(15) Concurrent Mark From Roots
[2024-01-11T18:11:40.037+0100][123.661s] GC(15) Using 3 workers of 3 for marking
[2024-01-11T18:11:40.051+0100][123.676s] GC(15) Concurrent Mark From Roots 14.561ms
[2024-01-11T18:11:40.051+0100][123.676s] GC(15) Concurrent Preclean
[2024-01-11T18:11:40.051+0100][123.676s] GC(15) Concurrent Preclean 0.080ms
[2024-01-11T18:11:40.051+0100][123.676s] GC(15) Pause Remark
[2024-01-11T18:11:40.054+0100][123.678s] GC(15) Pause Remark 50M->50M(512M) 2.468ms
[2024-01-11T18:11:40.054+0100][123.679s] GC(15) User=0.00s Sys=0.00s Real=0.00s
[2024-01-11T18:11:40.054+0100][123.679s] GC(15) Concurrent Mark 17.422ms
[2024-01-11T18:11:40.054+0100][123.679s] GC(15) Concurrent Rebuild Remembered Sets
[2024-01-11T18:11:40.061+0100][123.686s] GC(15) Concurrent Rebuild Remembered Sets 6.997ms
[2024-01-11T18:11:40.061+0100][123.686s] GC(15) Pause Cleanup
[2024-01-11T18:11:40.061+0100][123.686s] GC(15) Pause Cleanup 51M->51M(512M) 0.107ms
[2024-01-11T18:11:40.061+0100][123.686s] GC(15) User=0.00s Sys=0.00s Real=0.00s
[2024-01-11T18:11:40.061+0100][123.686s] GC(15) Concurrent Cleanup for Next Mark
[2024-01-11T18:11:40.062+0100][123.687s] GC(15) Concurrent Cleanup for Next Mark 0.921ms
[2024-01-11T18:11:40.062+0100][123.687s] GC(15) Concurrent Mark Cycle 32.066ms
[2024-01-11T18:13:38.427+0100][242.051s] Heap
[2024-01-11T18:13:38.427+0100][242.051s]  garbage-first heap   total 524288K, used 79660K [0x00000000e0000000, 0x0000000100000000)
[2024-01-11T18:13:38.427+0100][242.051s]   region size 1024K, 50 young (51200K), 18 survivors (18432K)
[2024-01-11T18:13:38.427+0100][242.051s]  Metaspace       used 57627K, committed 58304K, reserved 1114112K
[2024-01-11T18:13:38.427+0100][242.051s]   class space    used 6859K, committed 7168K, reserved 1048576K
